/BATCH  
/COM,ANSYS RELEASE Release 19.0      BUILD 19.0      UP20171214       22:15:05
/input,menust,tmp,''
/GRA,POWER
/GST,ON
/PLO,INFO,3
/GRO,CURL,ON
/CPLANE,1   
/REPLOT,RESIZE  
WPSTYLE,,,,,,,,0
/TITLE,Frame2D  
/PREP7  
!*  
ET,1,BEAM188
!*  
KEYOPT,1,1,1
KEYOPT,1,2,1
KEYOPT,1,3,3
KEYOPT,1,4,1
KEYOPT,1,6,3
KEYOPT,1,7,1
KEYOPT,1,9,1
KEYOPT,1,11,0   
KEYOPT,1,12,0   
KEYOPT,1,15,0   
!*  
!*  
MPTEMP,,,,,,,,  
MPTEMP,1,0  
MPDATA,EX,1,,30e6   
MPDATA,PRXY,1,,0.3  
SECTYPE,   1, BEAM, ASEC, , 0   
SECOFFSET, CENT 
SECDATA,7.65,17.3,0,204,,0.3,0,0,0,0,6.49,12.22 
SAVE
SAVE
wpstyle,12,12,0,120,0.003,0,0,,5
WPSTYLE,,,,,,,,1
/DIST,1,0.729,1 
/REP,FAST   
/DIST,1,0.729,1 
/REP,FAST   
/DIST,1,0.729,1 
/REP,FAST   
/DIST,1,0.729,1 
/REP,FAST   
/DIST, 1 ,1.371742,1
/REP,FAST   
/DIST, 1 ,0.729000,1
/REP,FAST   
/DIST, 1 ,0.729000,1
/REP,FAST   
/DIST, 1 ,0.729000,1
/REP,FAST   
/FOC, 1 ,,0.300000,,1   
/REP,FAST   
/DIST, 1 ,1.371742,1
/REP,FAST   
/DIST, 1 ,1.371742,1
/REP,FAST   
/DIST, 1 ,1.371742,1
/REP,FAST   
/DIST, 1 ,1.371742,1
/REP,FAST   
/DIST, 1 ,1.371742,1
/REP,FAST   
/DIST, 1 ,1.371742,1
/REP,FAST   
/DIST, 1 ,1.371742,1
/REP,FAST   
/DIST, 1 ,1.371742,1
/REP,FAST   
/DIST, 1 ,1.371742,1
/REP,FAST   
/DIST, 1 ,1.371742,1
/REP,FAST   
/DIST, 1 ,1.371742,1
/REP,FAST   
/DIST, 1 ,1.371742,1
/REP,FAST   
/DIST, 1 ,1.371742,1
/REP,FAST   
/DIST, 1 ,1.371742,1
/REP,FAST   
/DIST, 1 ,1.371742,1
/REP,FAST   
/DIST, 1 ,1.371742,1
/REP,FAST   
/DIST, 1 ,1.371742,1
/REP,FAST   
/DIST, 1 ,1.371742,1
/REP,FAST   
/DIST, 1 ,1.371742,1
/REP,FAST   
/DIST, 1 ,1.371742,1
/REP,FAST   
/DIST, 1 ,1.371742,1
/REP,FAST   
/DIST, 1 ,1.371742,1
/REP,FAST   
/DIST, 1 ,1.371742,1
/REP,FAST   
/DIST, 1 ,1.371742,1
/REP,FAST   
/DIST, 1 ,1.371742,1
/REP,FAST   
/DIST, 1 ,1.371742,1
/REP,FAST   
/DIST, 1 ,1.371742,1
/REP,FAST   
/DIST, 1 ,1.371742,1
/REP,FAST   
/DIST, 1 ,1.371742,1
/REP,FAST   
/FOC, 1 ,,0.300000,,1   
/REP,FAST   
/FOC, 1 ,,-0.300000,,1  
/REP,FAST   
/DIST, 1 ,0.729000,1
/REP,FAST   
/DIST, 1 ,0.729000,1
/REP,FAST   
/DIST, 1 ,0.729000,1
/REP,FAST   
/DIST, 1 ,0.729000,1
/REP,FAST   
/DIST, 1 ,0.729000,1
/REP,FAST   
/FOC, 1 ,,0.300000,,1   
/REP,FAST   
/DIST, 1 ,0.729000,1
/REP,FAST   
/FOC, 1 ,,0.300000,,1   
/REP,FAST   
/FOC, 1 ,0.300000,,,1   
/REP,FAST   
/FOC, 1 ,0.300000,,,1   
/REP,FAST   
/FOC, 1 ,0.300000,,,1   
/REP,FAST   
/FOC, 1 ,0.300000,,,1   
/REP,FAST   
/FOC, 1 ,-0.300000,,,1  
/REP,FAST   
FLST,3,1,8  
FITEM,3,0,108,0 
N, ,P51X
FLST,3,1,8  
FITEM,3,120,108,0   
N, ,P51X
FLST,3,1,8  
FITEM,3,120,0,0 
N, ,P51X
FLST,2,2,1  
FITEM,2,1   
FITEM,2,2   
E,P51X  
FLST,2,2,1  
FITEM,2,2   
FITEM,2,3   
E,P51X  
EPLOT   
SAVE
SAVE
FINISH  
/SOL
FLST,2,2,1,ORDE,2   
FITEM,2,1   
FITEM,2,3   
!*  
/GO 
D,P51X, ,0, , , ,ALL, , , , ,   
/REPLOT,RESIZE  
FLST,2,1,2,ORDE,1   
FITEM,2,1   
SFBEAM,P51X,2,PRES,66.67, , , , , ,0
!*  
/PSF,PRES,NORM,2,0,1
/PBF,DEFA, ,1   
/PSYMB,CS,0 
/PSYMB,NDIR,0   
/PSYMB,ESYS,0   
/PSYMB,LDIV,0   
/PSYMB,LDIR,0   
/PSYMB,ADIR,0   
/PSYMB,ECON,0   
/PSYMB,XNODE,0  
/PSYMB,DOT,1
/PSYMB,PCONV,   
/PSYMB,LAYR,0   
/PSYMB,FBCS,0   
!*  
/PBC,ALL,,1 
/PBC,NFOR,,0
/PBC,NMOM,,0
/PBC,RFOR,,0
/PBC,RMOM,,0
/PBC,PATH,,0
/REP
!*  
/STATUS,SOLU
SOLVE   
FINISH  
/POST1  
/DIST, 1 ,1.371742,1
/REP,FAST   
/DIST, 1 ,0.729000,1
/REP,FAST   
/DIST, 1 ,0.729000,1
/REP,FAST   
/FOC, 1 ,,0.300000,,1   
/REP,FAST   
/FOC, 1 ,,-0.300000,,1  
/REP,FAST   
/FOC, 1 ,-0.300000,,,1  
/REP,FAST   
/FOC, 1 ,,-0.300000,,1  
/REP,FAST   
/DIST, 1 ,0.729000,1
/REP,FAST   
/FOC, 1 ,,0.300000,,1   
/REP,FAST   
/FOC, 1 ,,-0.300000,,1  
/REP,FAST   
/DIST, 1 ,1.371742,1
/REP,FAST   
PLDISP,1
EPLOT   
NPLOT   
/REPLOT 
EPLOT   
PLDISP,1
NPLOT   
EPLOT   
PLDISP,1
KPLOT   
*VPLOT, , , , , , , , , ,   
EPLOT   
PLDISP,1
PLDISP,1
!*  
/PSF,DEFA, ,1,0,1   
/PBF,DEFA, ,1   
/PSYMB,CS,0 
/PSYMB,NDIR,0   
/PSYMB,ESYS,0   
/PSYMB,LDIV,0   
/PSYMB,LDIR,0   
/PSYMB,ADIR,0   
/PSYMB,ECON,0   
/PSYMB,XNODE,0  
/PSYMB,DOT,1
/PSYMB,PCONV,   
/PSYMB,LAYR,0   
/PSYMB,FBCS,0   
!*  
/PBC,ALL,,1 
/PBC,NFOR,,0
/PBC,NMOM,,0
/PBC,RFOR,,0
/PBC,RMOM,,0
/PBC,PATH,,0
/REP
!*  
EPLOT   
FINISH  
/SOL
/STATUS,SOLU
SOLVE   
FINISH  
/POST1  
PLDISP,1
!*  
PRNSOL,U,COMP   
!*  
PRNSOL,ROT,COMP 
PRRSOL, 
SAVE
!*  
/PSF,DEFA, ,1,0,1   
/PBF,DEFA, ,1   
/PSYMB,CS,0 
/PSYMB,NDIR,0   
/PSYMB,ESYS,0   
/PSYMB,LDIV,0   
/PSYMB,LDIR,0   
/PSYMB,ADIR,0   
/PSYMB,ECON,0   
/PSYMB,XNODE,0  
/PSYMB,DOT,1
/PSYMB,PCONV,   
/PSYMB,LAYR,0   
/PSYMB,FBCS,0   
!*  
/PBC,ALL,,1 
/PBC,NFOR,,0
/PBC,NMOM,,0
/PBC,RFOR,,0
/PBC,RMOM,,0
/PBC,PATH,,0
/REP
!*  
FINISH  
/SOL
/STATUS,SOLU
SOLVE   
wpstyle,12,12,0,120,0.003,0,0,,5
SAVE
SAVE
FINISH  
! /EXIT,ALL 
