/BATCH  
/COM,ANSYS RELEASE Release 19.0      BUILD 19.0      UP20171214       16:53:40
/input,menust,tmp,''
/GRA,POWER
/GST,ON
/PLO,INFO,3
/GRO,CURL,ON
/CPLANE,1   
/REPLOT,RESIZE  
WPSTYLE,,,,,,,,0
/REPLOT,RESIZE  
/TITLE,truss
/TITLE,truss
/PREP7  
!*  
ET,1,LINK180
!*  
!*  
!*  
!*  
!*  
!*  
!*  
!*  
!*  
!*  
!*  
MPTEMP,,,,,,,,  
MPTEMP,1,0  
MPDATA,EX,1,,1.9e6  
MPDATA,PRXY,1,,0.3  
SAVE
wpstyle,12,12,0,72,0.003,0,0,,5 
WPSTYLE,,,,,,,,1
/DIST, 1 ,1.371742,1
/REP,FAST   
/DIST, 1 ,1.371742,1
/REP,FAST   
/DIST, 1 ,1.371742,1
/REP,FAST   
/DIST, 1 ,1.371742,1
/REP,FAST   
/DIST, 1 ,1.371742,1
/REP,FAST   
/DIST, 1 ,1.371742,1
/REP,FAST   
/DIST, 1 ,1.371742,1
/REP,FAST   
/DIST, 1 ,1.371742,1
/REP,FAST   
/DIST, 1 ,0.729000,1
/REP,FAST   
/DIST, 1 ,0.729000,1
/REP,FAST   
/DIST, 1 ,0.729000,1
/REP,FAST   
/FOC, 1 ,0.300000,,,1   
/REP,FAST   
/FOC, 1 ,0.300000,,,1   
/REP,FAST   
/FOC, 1 ,0.300000,,,1   
/REP,FAST   
/FOC, 1 ,0.300000,,,1   
/REP,FAST   
/FOC, 1 ,,0.300000,,1   
/REP,FAST   
/FOC, 1 ,,0.300000,,1   
/REP,FAST   
/FOC, 1 ,,0.300000,,1   
/REP,FAST   
/FOC, 1 ,-0.300000,,,1  
/REP,FAST   
/FOC, 1 ,,-0.300000,,1  
/REP,FAST   
/FOC, 1 ,,-0.300000,,1  
/REP,FAST   
/FOC, 1 ,,0.300000,,1   
/REP,FAST   
FLST,3,1,8  
FITEM,3,0,0,0   
N, ,P51X
FLST,3,1,8  
FITEM,3,0,0,0   
N, ,P51X
/DIST, 1 ,0.924021,1
/REP,FAST   
/DIST, 1 ,0.924021,1
/REP,FAST   
/DIST, 1 ,1.082226,1
/REP,FAST   
/DIST, 1 ,1.082226,1
/REP,FAST   
/DIST, 1 ,0.924021,1
/REP,FAST   
/DIST, 1 ,0.924021,1
/REP,FAST   
/DIST, 1 ,0.924021,1
/REP,FAST   
/DIST, 1 ,0.924021,1
/REP,FAST   
/DIST, 1 ,1.082226,1
/REP,FAST   
/DIST, 1 ,1.082226,1
/REP,FAST   
/DIST, 1 ,1.082226,1
/REP,FAST   
/DIST, 1 ,1.082226,1
/REP,FAST   
/DIST,1,1.37174211248,1 
/REP,FAST   
/DIST,1,1.37174211248,1 
/REP,FAST   
/DIST,1,1.37174211248,1 
/REP,FAST   
/DIST,1,1.37174211248,1 
/REP,FAST   
/DIST,1,1.37174211248,1 
/REP,FAST   
/DIST,1,1.37174211248,1 
/REP,FAST   
/DIST,1,1.37174211248,1 
/REP,FAST   
/DIST,1,1.37174211248,1 
/REP,FAST   
/DIST,1,1.37174211248,1 
/REP,FAST   
/DIST,1,0.729,1 
/REP,FAST   
/DIST,1,1.37174211248,1 
/REP,FAST   
/DIST,1,1.37174211248,1 
/REP,FAST   
/DIST,1,1.37174211248,1 
/REP,FAST   
FLST,3,1,8  
FITEM,3,0,36,0  
N, ,P51X
/DIST, 1 ,0.924021,1
/REP,FAST   
/DIST, 1 ,0.924021,1
/REP,FAST   
/DIST, 1 ,0.924021,1
/REP,FAST   
/DIST, 1 ,0.924021,1
/REP,FAST   
/DIST, 1 ,0.924021,1
/REP,FAST   
/DIST, 1 ,0.924021,1
/REP,FAST   
/DIST, 1 ,0.924021,1
/REP,FAST   
/DIST, 1 ,0.924021,1
/REP,FAST   
/DIST, 1 ,0.924021,1
/REP,FAST   
/DIST, 1 ,0.924021,1
/REP,FAST   
/DIST, 1 ,0.924021,1
/REP,FAST   
/DIST, 1 ,0.924021,1
/REP,FAST   
/DIST, 1 ,0.924021,1
/REP,FAST   
/DIST, 1 ,0.924021,1
/REP,FAST   
/DIST, 1 ,0.924021,1
/REP,FAST   
/DIST, 1 ,0.924021,1
/REP,FAST   
/DIST, 1 ,0.924021,1
/REP,FAST   
/DIST, 1 ,0.924021,1
/REP,FAST   
/DIST, 1 ,0.924021,1
/REP,FAST   
/DIST, 1 ,0.924021,1
/REP,FAST   
/DIST, 1 ,0.924021,1
/REP,FAST   
/DIST, 1 ,0.924021,1
/REP,FAST   
/DIST, 1 ,0.924021,1
/REP,FAST   
/DIST, 1 ,0.924021,1
/REP,FAST   
/DIST, 1 ,0.924021,1
/REP,FAST   
/DIST, 1 ,0.924021,1
/REP,FAST   
/DIST, 1 ,0.924021,1
/REP,FAST   
FLST,3,1,8  
FITEM,3,36,0,0  
N, ,P51X
/DIST,1,1.37174211248,1 
/REP,FAST   
/DIST,1,1.37174211248,1 
/REP,FAST   
/PNUM,KP,0  
/PNUM,LINE,0
/PNUM,AREA,0
/PNUM,VOLU,0
/PNUM,NODE,1
/PNUM,TABN,0
/PNUM,SVAL,0
/PNUM,DOMA,0
/NUMBER,0   
!*  
/PNUM,ELEM,0
/REPLOT 
!*  
NLIST,ALL, , ,XYZ,NODE,NODE,NODE
N,1,0,36,,,,,   
/DIST, 1 ,0.924021,1
/REP,FAST   
/DIST, 1 ,0.924021,1
/REP,FAST   
/DIST, 1 ,0.924021,1
/REP,FAST   
/DIST, 1 ,0.924021,1
/REP,FAST   
/DIST, 1 ,0.924021,1
/REP,FAST   
/DIST, 1 ,0.924021,1
/REP,FAST   
/DIST, 1 ,0.924021,1
/REP,FAST   
/DIST, 1 ,0.924021,1
/REP,FAST   
/DIST, 1 ,0.924021,1
/REP,FAST   
/DIST, 1 ,0.924021,1
/REP,FAST   
/DIST, 1 ,0.924021,1
/REP,FAST   
/PNUM,KP,0  
/PNUM,LINE,0
/PNUM,AREA,0
/PNUM,VOLU,0
/PNUM,NODE,1
/PNUM,TABN,0
/PNUM,SVAL,0
/PNUM,DOMA,0
/NUMBER,0   
!*  
/PNUM,ELEM,0
/REPLOT 
!*  
/PNUM,KP,0  
/PNUM,LINE,0
/PNUM,AREA,0
/PNUM,VOLU,0
/PNUM,NODE,1
/PNUM,TABN,0
/PNUM,SVAL,0
/PNUM,DOMA,0
/NUMBER,0   
!*  
/PNUM,ELEM,0
/REPLOT 
!*  
/REPLOT 
NPLOT   
NLIST,ALL, , ,XYZ,NODE,NODE,NODE
FLST,3,1,8  
FITEM,3,0,0,0   
N, ,P51X
FLST,3,1,8  
FITEM,3,36,0,0  
N, ,P51X
FLST,3,1,8  
FITEM,3,0,36,0  
N, ,P51X
FLST,3,1,8  
FITEM,3,36,36,0 
N, ,P51X
FLST,3,1,8  
FITEM,3,72,36,0 
N, ,P51X
NLIST,ALL, , ,XYZ,NODE,NODE,NODE
FLST,2,9,1,ORDE,2   
FITEM,2,1   
FITEM,2,-9  
NDELE,P51X  
NLIST,ALL, , ,XYZ,NODE,NODE,NODE
FLST,3,1,8  
FITEM,3,0,0,0   
N, ,P51X
FLST,3,1,8  
FITEM,3,36,0,0  
N, ,P51X
FLST,3,1,8  
FITEM,3,0,36,0  
N, ,P51X
FLST,3,1,8  
FITEM,3,36,36,0 
N, ,P51X
FLST,3,1,8  
FITEM,3,72,36,0 
N, ,P51X
NLIST,ALL, , ,XYZ,NODE,NODE,NODE
SAVE
/DIST,1,1.37174211248,1 
/REP,FAST   
/DIST,1,1.37174211248,1 
/REP,FAST   
/DIST,1,1.37174211248,1 
/REP,FAST   
/DIST,1,1.37174211248,1 
/REP,FAST   
/DIST,1,1.37174211248,1 
/REP,FAST   
/DIST,1,1.37174211248,1 
/REP,FAST   
/DIST,1,1.37174211248,1 
/REP,FAST   
/DIST,1,1.37174211248,1 
/REP,FAST   
/DIST,1,1.37174211248,1 
/REP,FAST   
/DIST,1,1.37174211248,1 
/REP,FAST   
/DIST,1,1.37174211248,1 
/REP,FAST   
/DIST,1,1.37174211248,1 
/REP,FAST   
/DIST,1,1.37174211248,1 
/REP,FAST   
/DIST,1,0.729,1 
/REP,FAST   
/DIST,1,0.729,1 
/REP,FAST   
/DIST,1,0.729,1 
/REP,FAST   
/DIST,1,0.729,1 
/REP,FAST   
/DIST,1,0.729,1 
/REP,FAST   
/DIST,1,0.729,1 
/REP,FAST   
/FOC,1,,0.3,,1  
/REP,FAST   
/FOC,1,0.3,,,1  
/REP,FAST   
/DIST,1,0.729,1 
/REP,FAST   
FLST,2,2,1  
FITEM,2,10  
FITEM,2,11  
E,P51X  
FLST,2,2,1  
FITEM,2,11  
FITEM,2,13  
E,P51X  
FLST,2,2,1  
FITEM,2,11  
FITEM,2,13  
E,P51X  
EDELE,       2  
EDELE,       3  
FLST,2,2,1  
FITEM,2,11  
FITEM,2,12  
E,P51X  
FLST,2,4,1  
FITEM,2,12  
FITEM,2,12  
FITEM,2,12  
FITEM,2,13  
E,P51X  
FLST,2,2,1  
FITEM,2,12  
FITEM,2,13  
E,P51X  
FLST,2,2,1  
FITEM,2,11  
FITEM,2,13  
E,P51X  
FLST,2,2,1  
FITEM,2,11  
FITEM,2,14  
E,P51X  
FLST,2,2,1  
FITEM,2,13  
FITEM,2,14  
E,P51X  
SAVE
FINISH  
/SOL
SAVE
/DIST,1,1.37174211248,1 
/REP,FAST   
/FOC,1,0.3,,,1  
/REP,FAST   
/DIST,1,0.729,1 
/REP,FAST   
/DIST,1,0.729,1 
/REP,FAST   
/DIST, 1 ,1.082226,1
/REP,FAST   
/DIST, 1 ,1.082226,1
/REP,FAST   
/DIST,1,1.37174211248,1 
/REP,FAST   
/DIST,1,1.37174211248,1 
/REP,FAST   
/DIST,1,1.37174211248,1 
/REP,FAST   
/VIEW,1,,-1 
/ANG,1  
/REP,FAST   
/VIEW,1,,,1 
/ANG,1  
/REP,FAST   
/VIEW,1,1   
/ANG,1  
/REP,FAST   
/VIEW,1,1,1,1   
/ANG,1  
/REP,FAST   
/VIEW,1,1,2,3   
/ANG,1  
/REP,FAST   
/VIEW,1,,,1 
/ANG,1  
/REP,FAST   
/DIST, 1 ,0.924021,1
/REP,FAST   
/DIST, 1 ,0.924021,1
/REP,FAST   
/DIST, 1 ,0.924021,1
/REP,FAST   
/DIST, 1 ,0.924021,1
/REP,FAST   
/DIST, 1 ,0.924021,1
/REP,FAST   
/DIST, 1 ,0.924021,1
/REP,FAST   
/DIST, 1 ,0.924021,1
/REP,FAST   
/DIST, 1 ,0.924021,1
/REP,FAST   
/DIST, 1 ,0.924021,1
/REP,FAST   
/DIST, 1 ,0.924021,1
/REP,FAST   
/DIST, 1 ,0.924021,1
/REP,FAST   
/DIST, 1 ,0.924021,1
/REP,FAST   
FINISH  
/PREP7  
NLIST,ALL, , ,XYZ,NODE,NODE,NODE
eplot   
EDELE,       7  
EDELE,       6  
FLST,2,5,2,ORDE,5   
FITEM,2,1   
FITEM,2,4   
FITEM,2,-5  
FITEM,2,8   
FITEM,2,-9  
EDELE,P51X  
FLST,2,2,1  
FITEM,2,10  
FITEM,2,11  
E,P51X  
FLST,2,2,1  
FITEM,2,12  
FITEM,2,13  
E,P51X  
FLST,2,2,1  
FITEM,2,11  
FITEM,2,13  
E,P51X  
FLST,2,2,1  
FITEM,2,13  
FITEM,2,14  
E,P51X  
FINISH  
/SOL
FLST,2,2,1,ORDE,2   
FITEM,2,10  
FITEM,2,12  
!*  
/GO 
D,P51X, ,0, , , ,ALL, , , , ,   
FLST,2,2,1,ORDE,2   
FITEM,2,13  
FITEM,2,-14 
FLST,2,2,1,ORDE,2   
FITEM,2,13  
FITEM,2,-14 
!*  
/GO 
F,P51X,FY,-500  
/STATUS,SOLU
SOLVE   
FINISH  
/POST1  
/SHOW,WIN32C
SAVE
/REPLOT,RESIZE  
SAVE
SAVE
FINISH  
/PREP7  
!*  
!*  
!*  
!*  
FINISH  
! /EXIT,ALL 
/BATCH  
/COM,ANSYS RELEASE Release 19.0      BUILD 19.0      UP20171214       19:23:32
/input,menust,tmp,''
/GRA,POWER
/GST,ON
/PLO,INFO,3
/GRO,CURL,ON
/CPLANE,1   
/REPLOT,RESIZE  
WPSTYLE,,,,,,,,0
SAVE,'materialsLab1','','\\Client\C$\Users\rulij\Desktop\ANSYSF~1\' 
/REPLOT,RESIZE  
/PREP7  
/CWD,'\\Client\C$\Users\rulij\Desktop\ANSYS folder' 
!*  
!*  
!*  
!*  
FINISH  
/FILNAME,materialsLab1Assy,0
!*  
/PREP7  
!*  
ET,1,LINK180
!*  
!*  
!*  
SECTYPE,1,LINK, ,   
SECDATA,8,  
SECCONTROL,0,0  
!*  
N,1,,,,,,,  
N,2,36,0,,,,,   
N,3,,36,,,,,
N,4,36,36,,,,,  
N,5,72,36,,,,,  
N,5,72,36,,,,,  
FLST,2,2,1  
FITEM,2,1   
FITEM,2,2   
E,P51X  
FLST,2,2,1  
FITEM,2,2   
FITEM,2,3   
E,P51X  
FLST,2,2,1  
FITEM,2,3   
FITEM,2,4   
E,P51X  
FLST,2,2,1  
FITEM,2,2   
FITEM,2,4   
E,P51X  
FLST,2,2,1  
FITEM,2,2   
FITEM,2,5   
E,P51X  
FLST,2,2,1  
FITEM,2,4   
FITEM,2,5   
E,P51X  
!*  
MPTEMP,,,,,,,,  
MPTEMP,1,0  
MPDATA,EX,1,,1.9e6  
MPDATA,PRXY,1,,0.3  
FINISH  
/SOL
FLST,2,2,1,ORDE,2   
FITEM,2,1   
FITEM,2,3   
!*  
/GO 
D,P51X, ,0, , , ,ALL, , , , ,   
FLST,2,2,1,ORDE,2   
FITEM,2,4   
FITEM,2,-5  
!*  
/GO 
F,P51X,FY,-500  
SAVE
/STATUS,SOLU
SOLVE   
FINISH  
/POST1  
PLDISP,1
/REPLOT,RESIZE  
!*  
PRNSOL,U,COMP   
AVPRIN,0,0, 
ETABLE,AXForce,SMISC, 1 
!*  
AVPRIN,0,0, 
ETABLE,AXStress,LS, 1   
!*  
PRETAB,AXFORCE,AXSTRESS 
!*  
PLETAB,AXFORCE,NOAV 
PRRSOL, 
SAVE
SAVE
SAVE
/REPLOT,RESIZE  
SAVE
SAVE
FINISH  
! /EXIT,ALL 
